  Server.cpp
G:\VISUAL STUDIO\vs\VC\Tools\MSVC\14.37.32822\include\filesystem(13): warning STL4038: The contents of <filesystem> are available only with C++17 or later.
G:\Львовское Игра\Proj2\SFML - Server\SFML - Server\Server.cpp(149,49): warning C4101: e: неиспользованная локальная переменная
G:\Львовское Игра\Proj2\SFML - Server\SFML - Server\Server.cpp(180,49): warning C4101: e: неиспользованная локальная переменная
G:\Львовское Игра\Proj2\SFML - Server\SFML - Server\Server.cpp(980,80): warning C4244: аргумент: преобразование "int" в "T", возможна потеря данных
          with
          [
              T=float
          ]
G:\Львовское Игра\Proj2\SFML - Server\SFML - Server\Server.cpp(980,66): warning C4244: аргумент: преобразование "int" в "T", возможна потеря данных
          with
          [
              T=float
          ]
G:\Львовское Игра\Proj2\SFML - Server\SFML - Server\Server.cpp(981,60): warning C4244: аргумент: преобразование "int" в "float", возможна потеря данных
G:\Львовское Игра\Proj2\SFML - Server\SFML - Server\Server.cpp(981,46): warning C4244: аргумент: преобразование "int" в "float", возможна потеря данных
G:\Львовское Игра\Proj2\SFML - Server\SFML - Server\Server.cpp(985,35): warning C4244: аргумент: преобразование "int" в "float", возможна потеря данных
G:\Львовское Игра\Proj2\SFML - Server\SFML - Server\Server.cpp(990,81): warning C4244: аргумент: преобразование "int" в "T", возможна потеря данных
          with
          [
              T=float
          ]
G:\Львовское Игра\Proj2\SFML - Server\SFML - Server\Server.cpp(990,67): warning C4244: аргумент: преобразование "int" в "T", возможна потеря данных
          with
          [
              T=float
          ]
G:\Львовское Игра\Proj2\SFML - Server\SFML - Server\Server.cpp(991,61): warning C4244: аргумент: преобразование "int" в "float", возможна потеря данных
G:\Львовское Игра\Proj2\SFML - Server\SFML - Server\Server.cpp(991,47): warning C4244: аргумент: преобразование "int" в "float", возможна потеря данных
G:\Львовское Игра\Proj2\SFML - Server\SFML - Server\Server.cpp(993,36): warning C4244: аргумент: преобразование "int" в "float", возможна потеря данных
G:\Львовское Игра\Proj2\SFML - Server\SFML - Server\Server.cpp(1004,36): warning C4244: инициализация: преобразование "int" в "float", возможна потеря данных
G:\Львовское Игра\Proj2\SFML - Server\SFML - Server\Server.cpp(1005,34): warning C4244: инициализация: преобразование "int" в "float", возможна потеря данных
G:\Львовское Игра\Proj2\SFML - Server\SFML - Server\Server.cpp(1009,29): warning C4244: инициализация: преобразование "double" в "float", возможна потеря данных
G:\Львовское Игра\Proj2\SFML - Server\SFML - Server\Server.cpp(1016,58): warning C4244: аргумент: преобразование "int" в "float", возможна потеря данных
G:\Львовское Игра\Proj2\SFML - Server\SFML - Server\Server.cpp(1016,44): warning C4244: аргумент: преобразование "int" в "float", возможна потеря данных
G:\Львовское Игра\Proj2\SFML - Server\SFML - Server\Server.cpp(1021,33): warning C4244: аргумент: преобразование "int" в "float", возможна потеря данных
G:\Львовское Игра\Proj2\SFML - Server\SFML - Server\Server.cpp(1034,36): warning C4244: инициализация: преобразование "int" в "float", возможна потеря данных
G:\Львовское Игра\Proj2\SFML - Server\SFML - Server\Server.cpp(1035,34): warning C4244: инициализация: преобразование "int" в "float", возможна потеря данных
G:\Львовское Игра\Proj2\SFML - Server\SFML - Server\Server.cpp(1039,29): warning C4244: инициализация: преобразование "double" в "float", возможна потеря данных
G:\Львовское Игра\Proj2\SFML - Server\SFML - Server\Server.cpp(1046,58): warning C4244: аргумент: преобразование "int" в "float", возможна потеря данных
G:\Львовское Игра\Proj2\SFML - Server\SFML - Server\Server.cpp(1046,44): warning C4244: аргумент: преобразование "int" в "float", возможна потеря данных
G:\Львовское Игра\Proj2\SFML - Server\SFML - Server\Server.cpp(1051,33): warning C4244: аргумент: преобразование "int" в "float", возможна потеря данных
G:\Львовское Игра\Proj2\SFML - Server\SFML - Server\Server.cpp(1063,26): warning C4244: инициализация: преобразование "int" в "float", возможна потеря данных
G:\Львовское Игра\Proj2\SFML - Server\SFML - Server\Server.cpp(1068,29): warning C4244: инициализация: преобразование "double" в "float", возможна потеря данных
G:\Львовское Игра\Proj2\SFML - Server\SFML - Server\Server.cpp(1077,58): warning C4244: аргумент: преобразование "int" в "float", возможна потеря данных
G:\Львовское Игра\Proj2\SFML - Server\SFML - Server\Server.cpp(1077,44): warning C4244: аргумент: преобразование "int" в "float", возможна потеря данных
G:\Львовское Игра\Proj2\SFML - Server\SFML - Server\Server.cpp(1078,33): warning C4244: аргумент: преобразование "int" в "float", возможна потеря данных
G:\Львовское Игра\Proj2\SFML - Server\SFML - Server\Server.cpp(1087,26): warning C4244: инициализация: преобразование "int" в "float", возможна потеря данных
G:\Львовское Игра\Proj2\SFML - Server\SFML - Server\Server.cpp(1092,29): warning C4244: инициализация: преобразование "double" в "float", возможна потеря данных
G:\Львовское Игра\Proj2\SFML - Server\SFML - Server\Server.cpp(1101,59): warning C4244: аргумент: преобразование "int" в "float", возможна потеря данных
G:\Львовское Игра\Proj2\SFML - Server\SFML - Server\Server.cpp(1101,45): warning C4244: аргумент: преобразование "int" в "float", возможна потеря данных
G:\Львовское Игра\Proj2\SFML - Server\SFML - Server\Server.cpp(1102,34): warning C4244: аргумент: преобразование "int" в "float", возможна потеря данных
G:\Львовское Игра\Proj2\SFML - Server\SFML - Server\Server.cpp(1108,77): warning C4244: аргумент: преобразование "int" в "T", возможна потеря данных
          with
          [
              T=float
          ]
G:\Львовское Игра\Proj2\SFML - Server\SFML - Server\Server.cpp(1108,63): warning C4244: аргумент: преобразование "int" в "T", возможна потеря данных
          with
          [
              T=float
          ]
G:\Львовское Игра\Proj2\SFML - Server\SFML - Server\Server.cpp(1109,57): warning C4244: аргумент: преобразование "int" в "float", возможна потеря данных
G:\Львовское Игра\Proj2\SFML - Server\SFML - Server\Server.cpp(1109,43): warning C4244: аргумент: преобразование "int" в "float", возможна потеря данных
G:\Львовское Игра\Proj2\SFML - Server\SFML - Server\Server.cpp(1113,32): warning C4244: аргумент: преобразование "int" в "float", возможна потеря данных
G:\Львовское Игра\Proj2\SFML - Server\SFML - Server\Server.cpp(1118,78): warning C4244: аргумент: преобразование "int" в "T", возможна потеря данных
          with
          [
              T=float
          ]
G:\Львовское Игра\Proj2\SFML - Server\SFML - Server\Server.cpp(1118,64): warning C4244: аргумент: преобразование "int" в "T", возможна потеря данных
          with
          [
              T=float
          ]
G:\Львовское Игра\Proj2\SFML - Server\SFML - Server\Server.cpp(1119,58): warning C4244: аргумент: преобразование "int" в "float", возможна потеря данных
G:\Львовское Игра\Proj2\SFML - Server\SFML - Server\Server.cpp(1119,44): warning C4244: аргумент: преобразование "int" в "float", возможна потеря данных
G:\Львовское Игра\Proj2\SFML - Server\SFML - Server\Server.cpp(1121,33): warning C4244: аргумент: преобразование "int" в "float", возможна потеря данных
G:\Львовское Игра\Proj2\SFML - Server\SFML - Server\Server.cpp(1127,26): warning C4244: инициализация: преобразование "int" в "float", возможна потеря данных
G:\Львовское Игра\Proj2\SFML - Server\SFML - Server\Server.cpp(1130,57): warning C4244: аргумент: преобразование "int" в "float", возможна потеря данных
G:\Львовское Игра\Proj2\SFML - Server\SFML - Server\Server.cpp(1130,43): warning C4244: аргумент: преобразование "int" в "float", возможна потеря данных
G:\Львовское Игра\Proj2\SFML - Server\SFML - Server\Server.cpp(1135,32): warning C4244: аргумент: преобразование "int" в "float", возможна потеря данных
G:\Львовское Игра\Proj2\SFML - Server\SFML - Server\Server.cpp(1141,26): warning C4244: инициализация: преобразование "int" в "float", возможна потеря данных
G:\Львовское Игра\Proj2\SFML - Server\SFML - Server\Server.cpp(1144,58): warning C4244: аргумент: преобразование "int" в "float", возможна потеря данных
G:\Львовское Игра\Proj2\SFML - Server\SFML - Server\Server.cpp(1144,44): warning C4244: аргумент: преобразование "int" в "float", возможна потеря данных
G:\Львовское Игра\Proj2\SFML - Server\SFML - Server\Server.cpp(1147,33): warning C4244: аргумент: преобразование "int" в "float", возможна потеря данных
G:\Львовское Игра\Proj2\SFML - Server\SFML - Server\Server.cpp(1153,66): warning C4244: аргумент: преобразование "int" в "T", возможна потеря данных
          with
          [
              T=float
          ]
G:\Львовское Игра\Proj2\SFML - Server\SFML - Server\Server.cpp(1153,52): warning C4244: аргумент: преобразование "int" в "T", возможна потеря данных
          with
          [
              T=float
          ]
G:\Львовское Игра\Proj2\SFML - Server\SFML - Server\Server.cpp(1154,66): warning C4244: аргумент: преобразование "int" в "T", возможна потеря данных
          with
          [
              T=float
          ]
G:\Львовское Игра\Proj2\SFML - Server\SFML - Server\Server.cpp(1154,52): warning C4244: аргумент: преобразование "int" в "T", возможна потеря данных
          with
          [
              T=float
          ]
G:\Львовское Игра\Proj2\SFML - Server\SFML - Server\Server.cpp(1161,56): warning C4244: аргумент: преобразование "int" в "float", возможна потеря данных
G:\Львовское Игра\Proj2\SFML - Server\SFML - Server\Server.cpp(1161,42): warning C4244: аргумент: преобразование "int" в "float", возможна потеря данных
G:\Львовское Игра\Proj2\SFML - Server\SFML - Server\Server.cpp(1166,31): warning C4244: аргумент: преобразование "int" в "float", возможна потеря данных
G:\Львовское Игра\Proj2\SFML - Server\SFML - Server\Server.cpp(1180,58): warning C4244: аргумент: преобразование "int" в "float", возможна потеря данных
G:\Львовское Игра\Proj2\SFML - Server\SFML - Server\Server.cpp(1180,44): warning C4244: аргумент: преобразование "int" в "float", возможна потеря данных
G:\Львовское Игра\Proj2\SFML - Server\SFML - Server\Server.cpp(1181,33): warning C4244: аргумент: преобразование "int" в "float", возможна потеря данных
G:\Львовское Игра\Proj2\SFML - Server\SFML - Server\Server.cpp(1195,29): warning C4244: аргумент: преобразование "int" в "float", возможна потеря данных
G:\Львовское Игра\Proj2\SFML - Server\SFML - Server\Server.cpp(1206,30): warning C4244: аргумент: преобразование "int" в "float", возможна потеря данных
G:\Львовское Игра\Proj2\SFML - Server\SFML - Server\Server.cpp(1224,56): warning C4244: аргумент: преобразование "int" в "float", возможна потеря данных
G:\Львовское Игра\Proj2\SFML - Server\SFML - Server\Server.cpp(1224,42): warning C4244: аргумент: преобразование "int" в "float", возможна потеря данных
G:\Львовское Игра\Proj2\SFML - Server\SFML - Server\Server.cpp(1240,31): warning C4244: аргумент: преобразование "int" в "float", возможна потеря данных
G:\Львовское Игра\Proj2\SFML - Server\SFML - Server\Server.cpp(1253,50): warning C4244: аргумент: преобразование "int" в "float", возможна потеря данных
G:\Львовское Игра\Proj2\SFML - Server\SFML - Server\Server.cpp(1253,47): warning C4244: аргумент: преобразование "int" в "float", возможна потеря данных
G:\Львовское Игра\Proj2\SFML - Server\SFML - Server\Server.cpp(1256,50): warning C4244: аргумент: преобразование "int" в "float", возможна потеря данных
G:\Львовское Игра\Proj2\SFML - Server\SFML - Server\Server.cpp(1256,47): warning C4244: аргумент: преобразование "int" в "float", возможна потеря данных
G:\Львовское Игра\Proj2\SFML - Server\SFML - Server\Server.cpp(1259,50): warning C4244: аргумент: преобразование "int" в "float", возможна потеря данных
G:\Львовское Игра\Proj2\SFML - Server\SFML - Server\Server.cpp(1259,47): warning C4244: аргумент: преобразование "int" в "float", возможна потеря данных
G:\Львовское Игра\Proj2\SFML - Server\SFML - Server\Server.cpp(1262,50): warning C4244: аргумент: преобразование "int" в "float", возможна потеря данных
G:\Львовское Игра\Proj2\SFML - Server\SFML - Server\Server.cpp(1262,47): warning C4244: аргумент: преобразование "int" в "float", возможна потеря данных
G:\Львовское Игра\Proj2\SFML - Server\SFML - Server\Server.cpp(1265,50): warning C4244: аргумент: преобразование "int" в "float", возможна потеря данных
G:\Львовское Игра\Proj2\SFML - Server\SFML - Server\Server.cpp(1265,47): warning C4244: аргумент: преобразование "int" в "float", возможна потеря данных
G:\Львовское Игра\Proj2\SFML - Server\SFML - Server\Server.cpp(1268,50): warning C4244: аргумент: преобразование "int" в "float", возможна потеря данных
G:\Львовское Игра\Proj2\SFML - Server\SFML - Server\Server.cpp(1268,47): warning C4244: аргумент: преобразование "int" в "float", возможна потеря данных
G:\Львовское Игра\Proj2\SFML - Server\SFML - Server\Server.cpp(1271,50): warning C4244: аргумент: преобразование "int" в "float", возможна потеря данных
G:\Львовское Игра\Proj2\SFML - Server\SFML - Server\Server.cpp(1271,47): warning C4244: аргумент: преобразование "int" в "float", возможна потеря данных
G:\Львовское Игра\Proj2\SFML - Server\SFML - Server\Server.cpp(1274,50): warning C4244: аргумент: преобразование "int" в "float", возможна потеря данных
G:\Львовское Игра\Proj2\SFML - Server\SFML - Server\Server.cpp(1274,47): warning C4244: аргумент: преобразование "int" в "float", возможна потеря данных
G:\Львовское Игра\Proj2\SFML - Server\SFML - Server\Server.cpp(1277,50): warning C4244: аргумент: преобразование "int" в "float", возможна потеря данных
G:\Львовское Игра\Proj2\SFML - Server\SFML - Server\Server.cpp(1277,47): warning C4244: аргумент: преобразование "int" в "float", возможна потеря данных
G:\Львовское Игра\Proj2\SFML - Server\SFML - Server\Server.cpp(1280,50): warning C4244: аргумент: преобразование "int" в "float", возможна потеря данных
G:\Львовское Игра\Proj2\SFML - Server\SFML - Server\Server.cpp(1280,47): warning C4244: аргумент: преобразование "int" в "float", возможна потеря данных
G:\Львовское Игра\Proj2\SFML - Server\SFML - Server\Server.cpp(1283,50): warning C4244: аргумент: преобразование "int" в "float", возможна потеря данных
G:\Львовское Игра\Proj2\SFML - Server\SFML - Server\Server.cpp(1283,47): warning C4244: аргумент: преобразование "int" в "float", возможна потеря данных
G:\Львовское Игра\Proj2\SFML - Server\SFML - Server\Server.cpp(1286,50): warning C4244: аргумент: преобразование "int" в "float", возможна потеря данных
G:\Львовское Игра\Proj2\SFML - Server\SFML - Server\Server.cpp(1286,47): warning C4244: аргумент: преобразование "int" в "float", возможна потеря данных
G:\Львовское Игра\Proj2\SFML - Server\SFML - Server\Server.cpp(1289,50): warning C4244: аргумент: преобразование "int" в "float", возможна потеря данных
G:\Львовское Игра\Proj2\SFML - Server\SFML - Server\Server.cpp(1289,47): warning C4244: аргумент: преобразование "int" в "float", возможна потеря данных
G:\Львовское Игра\Proj2\SFML - Server\SFML - Server\Server.cpp(1292,50): warning C4244: аргумент: преобразование "int" в "float", возможна потеря данных
G:\Львовское Игра\Proj2\SFML - Server\SFML - Server\Server.cpp(1292,47): warning C4244: аргумент: преобразование "int" в "float", возможна потеря данных
G:\Львовское Игра\Proj2\SFML - Server\SFML - Server\Server.cpp(1295,50): warning C4244: аргумент: преобразование "int" в "float", возможна потеря данных
G:\Львовское Игра\Proj2\SFML - Server\SFML - Server\Server.cpp(1295,47): warning C4244: аргумент: преобразование "int" в "float", возможна потеря данных
G:\Львовское Игра\Proj2\SFML - Server\SFML - Server\Server.cpp(1298,50): warning C4244: аргумент: преобразование "int" в "float", возможна потеря данных
G:\Львовское Игра\Proj2\SFML - Server\SFML - Server\Server.cpp(1298,47): warning C4244: аргумент: преобразование "int" в "float", возможна потеря данных
G:\Львовское Игра\Proj2\SFML - Server\SFML - Server\Server.cpp(1301,50): warning C4244: аргумент: преобразование "int" в "float", возможна потеря данных
G:\Львовское Игра\Proj2\SFML - Server\SFML - Server\Server.cpp(1301,47): warning C4244: аргумент: преобразование "int" в "float", возможна потеря данных
G:\Львовское Игра\Proj2\SFML - Server\SFML - Server\Server.cpp(1304,50): warning C4244: аргумент: преобразование "int" в "float", возможна потеря данных
G:\Львовское Игра\Proj2\SFML - Server\SFML - Server\Server.cpp(1304,47): warning C4244: аргумент: преобразование "int" в "float", возможна потеря данных
G:\Львовское Игра\Proj2\SFML - Server\SFML - Server\Server.cpp(1307,50): warning C4244: аргумент: преобразование "int" в "float", возможна потеря данных
G:\Львовское Игра\Proj2\SFML - Server\SFML - Server\Server.cpp(1307,47): warning C4244: аргумент: преобразование "int" в "float", возможна потеря данных
G:\Львовское Игра\Proj2\SFML - Server\SFML - Server\Server.cpp(1310,50): warning C4244: аргумент: преобразование "int" в "float", возможна потеря данных
G:\Львовское Игра\Proj2\SFML - Server\SFML - Server\Server.cpp(1310,47): warning C4244: аргумент: преобразование "int" в "float", возможна потеря данных
G:\Львовское Игра\Proj2\SFML - Server\SFML - Server\Server.cpp(1313,50): warning C4244: аргумент: преобразование "int" в "float", возможна потеря данных
G:\Львовское Игра\Proj2\SFML - Server\SFML - Server\Server.cpp(1313,47): warning C4244: аргумент: преобразование "int" в "float", возможна потеря данных
G:\Львовское Игра\Proj2\SFML - Server\SFML - Server\Server.cpp(1316,50): warning C4244: аргумент: преобразование "int" в "float", возможна потеря данных
G:\Львовское Игра\Proj2\SFML - Server\SFML - Server\Server.cpp(1316,47): warning C4244: аргумент: преобразование "int" в "float", возможна потеря данных
G:\Львовское Игра\Proj2\SFML - Server\SFML - Server\Server.cpp(1319,50): warning C4244: аргумент: преобразование "int" в "float", возможна потеря данных
G:\Львовское Игра\Proj2\SFML - Server\SFML - Server\Server.cpp(1319,47): warning C4244: аргумент: преобразование "int" в "float", возможна потеря данных
G:\Львовское Игра\Proj2\SFML - Server\SFML - Server\Server.cpp(1322,50): warning C4244: аргумент: преобразование "int" в "float", возможна потеря данных
G:\Львовское Игра\Proj2\SFML - Server\SFML - Server\Server.cpp(1322,47): warning C4244: аргумент: преобразование "int" в "float", возможна потеря данных
G:\Львовское Игра\Proj2\SFML - Server\SFML - Server\Server.cpp(1325,50): warning C4244: аргумент: преобразование "int" в "float", возможна потеря данных
G:\Львовское Игра\Proj2\SFML - Server\SFML - Server\Server.cpp(1325,47): warning C4244: аргумент: преобразование "int" в "float", возможна потеря данных
G:\Львовское Игра\Proj2\SFML - Server\SFML - Server\Server.cpp(1328,50): warning C4244: аргумент: преобразование "int" в "float", возможна потеря данных
G:\Львовское Игра\Proj2\SFML - Server\SFML - Server\Server.cpp(1328,47): warning C4244: аргумент: преобразование "int" в "float", возможна потеря данных
sfml-graphics-s-d.lib(Transformable.obj) : warning LNK4099: "" PDB не найден с "sfml-graphics-s-d.lib(Transformable.obj)" или на ""; компоновка объекта выполняется как при отсутствии отладочных данных
sfml-graphics-s-d.lib(Color.obj) : warning LNK4099: "" PDB не найден с "sfml-graphics-s-d.lib(Color.obj)" или на ""; компоновка объекта выполняется как при отсутствии отладочных данных
sfml-graphics-s-d.lib(Vertex.obj) : warning LNK4099: "" PDB не найден с "sfml-graphics-s-d.lib(Vertex.obj)" или на ""; компоновка объекта выполняется как при отсутствии отладочных данных
sfml-graphics-s-d.lib(VertexArray.obj) : warning LNK4099: "" PDB не найден с "sfml-graphics-s-d.lib(VertexArray.obj)" или на ""; компоновка объекта выполняется как при отсутствии отладочных данных
sfml-graphics-s-d.lib(Shape.obj) : warning LNK4099: "" PDB не найден с "sfml-graphics-s-d.lib(Shape.obj)" или на ""; компоновка объекта выполняется как при отсутствии отладочных данных
sfml-graphics-s-d.lib(CircleShape.obj) : warning LNK4099: "" PDB не найден с "sfml-graphics-s-d.lib(CircleShape.obj)" или на ""; компоновка объекта выполняется как при отсутствии отладочных данных
sfml-graphics-s-d.lib(ConvexShape.obj) : warning LNK4099: "" PDB не найден с "sfml-graphics-s-d.lib(ConvexShape.obj)" или на ""; компоновка объекта выполняется как при отсутствии отладочных данных
sfml-graphics-s-d.lib(Texture.obj) : warning LNK4099: "" PDB не найден с "sfml-graphics-s-d.lib(Texture.obj)" или на ""; компоновка объекта выполняется как при отсутствии отладочных данных
sfml-graphics-s-d.lib(Font.obj) : warning LNK4099: "" PDB не найден с "sfml-graphics-s-d.lib(Font.obj)" или на ""; компоновка объекта выполняется как при отсутствии отладочных данных
sfml-graphics-s-d.lib(RectangleShape.obj) : warning LNK4099: "" PDB не найден с "sfml-graphics-s-d.lib(RectangleShape.obj)" или на ""; компоновка объекта выполняется как при отсутствии отладочных данных
sfml-graphics-s-d.lib(RenderTarget.obj) : warning LNK4099: "" PDB не найден с "sfml-graphics-s-d.lib(RenderTarget.obj)" или на ""; компоновка объекта выполняется как при отсутствии отладочных данных
sfml-graphics-s-d.lib(RenderWindow.obj) : warning LNK4099: "" PDB не найден с "sfml-graphics-s-d.lib(RenderWindow.obj)" или на ""; компоновка объекта выполняется как при отсутствии отладочных данных
sfml-graphics-s-d.lib(Sprite.obj) : warning LNK4099: "" PDB не найден с "sfml-graphics-s-d.lib(Sprite.obj)" или на ""; компоновка объекта выполняется как при отсутствии отладочных данных
sfml-graphics-s-d.lib(Text.obj) : warning LNK4099: "" PDB не найден с "sfml-graphics-s-d.lib(Text.obj)" или на ""; компоновка объекта выполняется как при отсутствии отладочных данных
sfml-graphics-s-d.lib(RenderStates.obj) : warning LNK4099: "" PDB не найден с "sfml-graphics-s-d.lib(RenderStates.obj)" или на ""; компоновка объекта выполняется как при отсутствии отладочных данных
sfml-graphics-s-d.lib(Transform.obj) : warning LNK4099: "" PDB не найден с "sfml-graphics-s-d.lib(Transform.obj)" или на ""; компоновка объекта выполняется как при отсутствии отладочных данных
sfml-graphics-s-d.lib(Image.obj) : warning LNK4099: "" PDB не найден с "sfml-graphics-s-d.lib(Image.obj)" или на ""; компоновка объекта выполняется как при отсутствии отладочных данных
sfml-graphics-s-d.lib(GLExtensions.obj) : warning LNK4099: "" PDB не найден с "sfml-graphics-s-d.lib(GLExtensions.obj)" или на ""; компоновка объекта выполняется как при отсутствии отладочных данных
sfml-graphics-s-d.lib(GLCheck.obj) : warning LNK4099: "" PDB не найден с "sfml-graphics-s-d.lib(GLCheck.obj)" или на ""; компоновка объекта выполняется как при отсутствии отладочных данных
sfml-graphics-s-d.lib(TextureSaver.obj) : warning LNK4099: "" PDB не найден с "sfml-graphics-s-d.lib(TextureSaver.obj)" или на ""; компоновка объекта выполняется как при отсутствии отладочных данных
sfml-graphics-s-d.lib(View.obj) : warning LNK4099: "" PDB не найден с "sfml-graphics-s-d.lib(View.obj)" или на ""; компоновка объекта выполняется как при отсутствии отладочных данных
sfml-graphics-s-d.lib(BlendMode.obj) : warning LNK4099: "" PDB не найден с "sfml-graphics-s-d.lib(BlendMode.obj)" или на ""; компоновка объекта выполняется как при отсутствии отладочных данных
sfml-graphics-s-d.lib(Shader.obj) : warning LNK4099: "" PDB не найден с "sfml-graphics-s-d.lib(Shader.obj)" или на ""; компоновка объекта выполняется как при отсутствии отладочных данных
sfml-graphics-s-d.lib(VertexBuffer.obj) : warning LNK4099: "" PDB не найден с "sfml-graphics-s-d.lib(VertexBuffer.obj)" или на ""; компоновка объекта выполняется как при отсутствии отладочных данных
sfml-graphics-s-d.lib(RenderTextureImplFBO.obj) : warning LNK4099: "" PDB не найден с "sfml-graphics-s-d.lib(RenderTextureImplFBO.obj)" или на ""; компоновка объекта выполняется как при отсутствии отладочных данных
sfml-graphics-s-d.lib(ImageLoader.obj) : warning LNK4099: "" PDB не найден с "sfml-graphics-s-d.lib(ImageLoader.obj)" или на ""; компоновка объекта выполняется как при отсутствии отладочных данных
sfml-graphics-s-d.lib(Glsl.obj) : warning LNK4099: "" PDB не найден с "sfml-graphics-s-d.lib(Glsl.obj)" или на ""; компоновка объекта выполняется как при отсутствии отладочных данных
sfml-graphics-s-d.lib(RenderTextureImpl.obj) : warning LNK4099: "" PDB не найден с "sfml-graphics-s-d.lib(RenderTextureImpl.obj)" или на ""; компоновка объекта выполняется как при отсутствии отладочных данных
sfml-audio-s-d.lib(SoundSource.obj) : warning LNK4099: "" PDB не найден с "sfml-audio-s-d.lib(SoundSource.obj)" или на ""; компоновка объекта выполняется как при отсутствии отладочных данных
sfml-audio-s-d.lib(Sound.obj) : warning LNK4099: "" PDB не найден с "sfml-audio-s-d.lib(Sound.obj)" или на ""; компоновка объекта выполняется как при отсутствии отладочных данных
sfml-audio-s-d.lib(SoundBuffer.obj) : warning LNK4099: "" PDB не найден с "sfml-audio-s-d.lib(SoundBuffer.obj)" или на ""; компоновка объекта выполняется как при отсутствии отладочных данных
sfml-audio-s-d.lib(AlResource.obj) : warning LNK4099: "" PDB не найден с "sfml-audio-s-d.lib(AlResource.obj)" или на ""; компоновка объекта выполняется как при отсутствии отладочных данных
sfml-audio-s-d.lib(ALCheck.obj) : warning LNK4099: "" PDB не найден с "sfml-audio-s-d.lib(ALCheck.obj)" или на ""; компоновка объекта выполняется как при отсутствии отладочных данных
sfml-audio-s-d.lib(InputSoundFile.obj) : warning LNK4099: "" PDB не найден с "sfml-audio-s-d.lib(InputSoundFile.obj)" или на ""; компоновка объекта выполняется как при отсутствии отладочных данных
sfml-audio-s-d.lib(OutputSoundFile.obj) : warning LNK4099: "" PDB не найден с "sfml-audio-s-d.lib(OutputSoundFile.obj)" или на ""; компоновка объекта выполняется как при отсутствии отладочных данных
sfml-audio-s-d.lib(AudioDevice.obj) : warning LNK4099: "" PDB не найден с "sfml-audio-s-d.lib(AudioDevice.obj)" или на ""; компоновка объекта выполняется как при отсутствии отладочных данных
sfml-audio-s-d.lib(SoundFileFactory.obj) : warning LNK4099: "" PDB не найден с "sfml-audio-s-d.lib(SoundFileFactory.obj)" или на ""; компоновка объекта выполняется как при отсутствии отладочных данных
sfml-audio-s-d.lib(SoundFileReaderFlac.obj) : warning LNK4099: "" PDB не найден с "sfml-audio-s-d.lib(SoundFileReaderFlac.obj)" или на ""; компоновка объекта выполняется как при отсутствии отладочных данных
sfml-audio-s-d.lib(SoundFileWriterFlac.obj) : warning LNK4099: "" PDB не найден с "sfml-audio-s-d.lib(SoundFileWriterFlac.obj)" или на ""; компоновка объекта выполняется как при отсутствии отладочных данных
sfml-audio-s-d.lib(SoundFileReaderMp3.obj) : warning LNK4099: "" PDB не найден с "sfml-audio-s-d.lib(SoundFileReaderMp3.obj)" или на ""; компоновка объекта выполняется как при отсутствии отладочных данных
sfml-audio-s-d.lib(SoundFileReaderOgg.obj) : warning LNK4099: "" PDB не найден с "sfml-audio-s-d.lib(SoundFileReaderOgg.obj)" или на ""; компоновка объекта выполняется как при отсутствии отладочных данных
sfml-audio-s-d.lib(SoundFileWriterOgg.obj) : warning LNK4099: "" PDB не найден с "sfml-audio-s-d.lib(SoundFileWriterOgg.obj)" или на ""; компоновка объекта выполняется как при отсутствии отладочных данных
sfml-audio-s-d.lib(SoundFileReaderWav.obj) : warning LNK4099: "" PDB не найден с "sfml-audio-s-d.lib(SoundFileReaderWav.obj)" или на ""; компоновка объекта выполняется как при отсутствии отладочных данных
sfml-audio-s-d.lib(SoundFileWriterWav.obj) : warning LNK4099: "" PDB не найден с "sfml-audio-s-d.lib(SoundFileWriterWav.obj)" или на ""; компоновка объекта выполняется как при отсутствии отладочных данных
sfml-window-s-d.lib(VideoMode.obj) : warning LNK4099: "" PDB не найден с "sfml-window-s-d.lib(VideoMode.obj)" или на ""; компоновка объекта выполняется как при отсутствии отладочных данных
sfml-window-s-d.lib(WindowBase.obj) : warning LNK4099: "" PDB не найден с "sfml-window-s-d.lib(WindowBase.obj)" или на ""; компоновка объекта выполняется как при отсутствии отладочных данных
sfml-window-s-d.lib(Window.obj) : warning LNK4099: "" PDB не найден с "sfml-window-s-d.lib(Window.obj)" или на ""; компоновка объекта выполняется как при отсутствии отладочных данных
sfml-window-s-d.lib(GlResource.obj) : warning LNK4099: "" PDB не найден с "sfml-window-s-d.lib(GlResource.obj)" или на ""; компоновка объекта выполняется как при отсутствии отладочных данных
sfml-window-s-d.lib(Context.obj) : warning LNK4099: "" PDB не найден с "sfml-window-s-d.lib(Context.obj)" или на ""; компоновка объекта выполняется как при отсутствии отладочных данных
sfml-window-s-d.lib(VideoModeImpl.obj) : warning LNK4099: "" PDB не найден с "sfml-window-s-d.lib(VideoModeImpl.obj)" или на ""; компоновка объекта выполняется как при отсутствии отладочных данных
sfml-window-s-d.lib(Cursor.obj) : warning LNK4099: "" PDB не найден с "sfml-window-s-d.lib(Cursor.obj)" или на ""; компоновка объекта выполняется как при отсутствии отладочных данных
sfml-window-s-d.lib(WindowImpl.obj) : warning LNK4099: "" PDB не найден с "sfml-window-s-d.lib(WindowImpl.obj)" или на ""; компоновка объекта выполняется как при отсутствии отладочных данных
sfml-window-s-d.lib(GlContext.obj) : warning LNK4099: "" PDB не найден с "sfml-window-s-d.lib(GlContext.obj)" или на ""; компоновка объекта выполняется как при отсутствии отладочных данных
sfml-window-s-d.lib(CursorImpl.obj) : warning LNK4099: "" PDB не найден с "sfml-window-s-d.lib(CursorImpl.obj)" или на ""; компоновка объекта выполняется как при отсутствии отладочных данных
sfml-window-s-d.lib(JoystickManager.obj) : warning LNK4099: "" PDB не найден с "sfml-window-s-d.lib(JoystickManager.obj)" или на ""; компоновка объекта выполняется как при отсутствии отладочных данных
sfml-window-s-d.lib(SensorManager.obj) : warning LNK4099: "" PDB не найден с "sfml-window-s-d.lib(SensorManager.obj)" или на ""; компоновка объекта выполняется как при отсутствии отладочных данных
sfml-window-s-d.lib(WindowImplWin32.obj) : warning LNK4099: "" PDB не найден с "sfml-window-s-d.lib(WindowImplWin32.obj)" или на ""; компоновка объекта выполняется как при отсутствии отладочных данных
sfml-window-s-d.lib(VulkanImplWin32.obj) : warning LNK4099: "" PDB не найден с "sfml-window-s-d.lib(VulkanImplWin32.obj)" или на ""; компоновка объекта выполняется как при отсутствии отладочных данных
sfml-window-s-d.lib(WglContext.obj) : warning LNK4099: "" PDB не найден с "sfml-window-s-d.lib(WglContext.obj)" или на ""; компоновка объекта выполняется как при отсутствии отладочных данных
sfml-window-s-d.lib(Joystick.obj) : warning LNK4099: "" PDB не найден с "sfml-window-s-d.lib(Joystick.obj)" или на ""; компоновка объекта выполняется как при отсутствии отладочных данных
sfml-window-s-d.lib(JoystickImpl.obj) : warning LNK4099: "" PDB не найден с "sfml-window-s-d.lib(JoystickImpl.obj)" или на ""; компоновка объекта выполняется как при отсутствии отладочных данных
sfml-window-s-d.lib(SensorImpl.obj) : warning LNK4099: "" PDB не найден с "sfml-window-s-d.lib(SensorImpl.obj)" или на ""; компоновка объекта выполняется как при отсутствии отладочных данных
sfml-system-s-d.lib(Time.obj) : warning LNK4099: "" PDB не найден с "sfml-system-s-d.lib(Time.obj)" или на ""; компоновка объекта выполняется как при отсутствии отладочных данных
sfml-system-s-d.lib(Clock.obj) : warning LNK4099: "" PDB не найден с "sfml-system-s-d.lib(Clock.obj)" или на ""; компоновка объекта выполняется как при отсутствии отладочных данных
sfml-system-s-d.lib(Mutex.obj) : warning LNK4099: "" PDB не найден с "sfml-system-s-d.lib(Mutex.obj)" или на ""; компоновка объекта выполняется как при отсутствии отладочных данных
sfml-system-s-d.lib(String.obj) : warning LNK4099: "" PDB не найден с "sfml-system-s-d.lib(String.obj)" или на ""; компоновка объекта выполняется как при отсутствии отладочных данных
sfml-system-s-d.lib(Lock.obj) : warning LNK4099: "" PDB не найден с "sfml-system-s-d.lib(Lock.obj)" или на ""; компоновка объекта выполняется как при отсутствии отладочных данных
sfml-system-s-d.lib(Err.obj) : warning LNK4099: "" PDB не найден с "sfml-system-s-d.lib(Err.obj)" или на ""; компоновка объекта выполняется как при отсутствии отладочных данных
sfml-system-s-d.lib(FileInputStream.obj) : warning LNK4099: "" PDB не найден с "sfml-system-s-d.lib(FileInputStream.obj)" или на ""; компоновка объекта выполняется как при отсутствии отладочных данных
sfml-system-s-d.lib(MemoryInputStream.obj) : warning LNK4099: "" PDB не найден с "sfml-system-s-d.lib(MemoryInputStream.obj)" или на ""; компоновка объекта выполняется как при отсутствии отладочных данных
sfml-system-s-d.lib(Sleep.obj) : warning LNK4099: "" PDB не найден с "sfml-system-s-d.lib(Sleep.obj)" или на ""; компоновка объекта выполняется как при отсутствии отладочных данных
sfml-system-s-d.lib(ThreadLocal.obj) : warning LNK4099: "" PDB не найден с "sfml-system-s-d.lib(ThreadLocal.obj)" или на ""; компоновка объекта выполняется как при отсутствии отладочных данных
sfml-system-s-d.lib(ClockImpl.obj) : warning LNK4099: "" PDB не найден с "sfml-system-s-d.lib(ClockImpl.obj)" или на ""; компоновка объекта выполняется как при отсутствии отладочных данных
sfml-system-s-d.lib(MutexImpl.obj) : warning LNK4099: "" PDB не найден с "sfml-system-s-d.lib(MutexImpl.obj)" или на ""; компоновка объекта выполняется как при отсутствии отладочных данных
sfml-system-s-d.lib(SleepImpl.obj) : warning LNK4099: "" PDB не найден с "sfml-system-s-d.lib(SleepImpl.obj)" или на ""; компоновка объекта выполняется как при отсутствии отладочных данных
sfml-system-s-d.lib(ThreadLocalImpl.obj) : warning LNK4099: "" PDB не найден с "sfml-system-s-d.lib(ThreadLocalImpl.obj)" или на ""; компоновка объекта выполняется как при отсутствии отладочных данных
sfml-network-s-d.lib(Socket.obj) : warning LNK4099: "" PDB не найден с "sfml-network-s-d.lib(Socket.obj)" или на ""; компоновка объекта выполняется как при отсутствии отладочных данных
sfml-network-s-d.lib(IpAddress.obj) : warning LNK4099: "" PDB не найден с "sfml-network-s-d.lib(IpAddress.obj)" или на ""; компоновка объекта выполняется как при отсутствии отладочных данных
sfml-network-s-d.lib(Packet.obj) : warning LNK4099: "" PDB не найден с "sfml-network-s-d.lib(Packet.obj)" или на ""; компоновка объекта выполняется как при отсутствии отладочных данных
sfml-network-s-d.lib(UdpSocket.obj) : warning LNK4099: "" PDB не найден с "sfml-network-s-d.lib(UdpSocket.obj)" или на ""; компоновка объекта выполняется как при отсутствии отладочных данных
sfml-network-s-d.lib(SocketImpl.obj) : warning LNK4099: "" PDB не найден с "sfml-network-s-d.lib(SocketImpl.obj)" или на ""; компоновка объекта выполняется как при отсутствии отладочных данных
sfml-network-s-d.lib(Http.obj) : warning LNK4099: "" PDB не найден с "sfml-network-s-d.lib(Http.obj)" или на ""; компоновка объекта выполняется как при отсутствии отладочных данных
sfml-network-s-d.lib(TcpSocket.obj) : warning LNK4099: "" PDB не найден с "sfml-network-s-d.lib(TcpSocket.obj)" или на ""; компоновка объекта выполняется как при отсутствии отладочных данных
  SFML - Server.vcxproj -> G:\Львовское Игра\Proj2\SFML - Server\x64\Debug\SFML - Server.exe
